<?xml version="1.0" encoding="UTF-8"?>
<testsuite xmlns:xsi="http://www.w3.org/2001/XMLSchema-instance" xsi:noNamespaceSchemaLocation="https://maven.apache.org/surefire/maven-surefire-plugin/xsd/surefire-test-report.xsd" version="3.0.2" name="com.salesforce.multicloudj.docstore.driver.AbstractDocStoreTest" time="0.009" tests="3" errors="0" skipped="0" failures="0">
  <properties>
    <property name="gopherProxySet" value="false"/>
    <property name="awt.toolkit" value="sun.lwawt.macosx.LWCToolkit"/>
    <property name="java.specification.version" value="11"/>
    <property name="sun.cpu.isalist" value=""/>
    <property name="sun.jnu.encoding" value="UTF-8"/>
    <property name="java.class.path" value="/Users/sandeeppal/src/chameleon/multicloudj/docstore/docstore-client/target/test-classes:/Users/sandeeppal/src/chameleon/multicloudj/docstore/docstore-client/target/classes:/Users/sandeeppal/.m2/repository/org/powermock/powermock-api-mockito2/2.0.9/powermock-api-mockito2-2.0.9.jar:/Users/sandeeppal/.m2/repository/org/powermock/powermock-api-support/2.0.9/powermock-api-support-2.0.9.jar:/Users/sandeeppal/.m2/repository/org/powermock/powermock-reflect/2.0.9/powermock-reflect-2.0.9.jar:/Users/sandeeppal/.m2/repository/org/powermock/powermock-core/2.0.9/powermock-core-2.0.9.jar:/Users/sandeeppal/.m2/repository/org/javassist/javassist/3.27.0-GA/javassist-3.27.0-GA.jar:/Users/sandeeppal/.m2/repository/org/wiremock/wiremock/3.12.1/wiremock-3.12.1.jar:/Users/sandeeppal/.m2/repository/org/eclipse/jetty/jetty-server/11.0.24/jetty-server-11.0.24.jar:/Users/sandeeppal/.m2/repository/org/eclipse/jetty/jetty-http/11.0.24/jetty-http-11.0.24.jar:/Users/sandeeppal/.m2/repository/org/eclipse/jetty/jetty-io/11.0.24/jetty-io-11.0.24.jar:/Users/sandeeppal/.m2/repository/org/eclipse/jetty/toolchain/jetty-jakarta-servlet-api/5.0.2/jetty-jakarta-servlet-api-5.0.2.jar:/Users/sandeeppal/.m2/repository/org/eclipse/jetty/jetty-servlet/11.0.24/jetty-servlet-11.0.24.jar:/Users/sandeeppal/.m2/repository/org/eclipse/jetty/jetty-security/11.0.24/jetty-security-11.0.24.jar:/Users/sandeeppal/.m2/repository/org/eclipse/jetty/jetty-servlets/11.0.24/jetty-servlets-11.0.24.jar:/Users/sandeeppal/.m2/repository/org/eclipse/jetty/jetty-util/11.0.24/jetty-util-11.0.24.jar:/Users/sandeeppal/.m2/repository/org/eclipse/jetty/jetty-webapp/11.0.24/jetty-webapp-11.0.24.jar:/Users/sandeeppal/.m2/repository/org/eclipse/jetty/jetty-xml/11.0.24/jetty-xml-11.0.24.jar:/Users/sandeeppal/.m2/repository/org/eclipse/jetty/jetty-proxy/11.0.24/jetty-proxy-11.0.24.jar:/Users/sandeeppal/.m2/repository/org/eclipse/jetty/jetty-client/11.0.24/jetty-client-11.0.24.jar:/Users/sandeeppal/.m2/repository/org/eclipse/jetty/http2/http2-server/11.0.24/http2-server-11.0.24.jar:/Users/sandeeppal/.m2/repository/org/eclipse/jetty/http2/http2-common/11.0.24/http2-common-11.0.24.jar:/Users/sandeeppal/.m2/repository/org/eclipse/jetty/http2/http2-hpack/11.0.24/http2-hpack-11.0.24.jar:/Users/sandeeppal/.m2/repository/org/eclipse/jetty/jetty-alpn-server/11.0.24/jetty-alpn-server-11.0.24.jar:/Users/sandeeppal/.m2/repository/org/eclipse/jetty/jetty-alpn-java-server/11.0.24/jetty-alpn-java-server-11.0.24.jar:/Users/sandeeppal/.m2/repository/org/eclipse/jetty/jetty-alpn-java-client/11.0.24/jetty-alpn-java-client-11.0.24.jar:/Users/sandeeppal/.m2/repository/org/eclipse/jetty/jetty-alpn-client/11.0.24/jetty-alpn-client-11.0.24.jar:/Users/sandeeppal/.m2/repository/org/apache/httpcomponents/client5/httpclient5/5.4.2/httpclient5-5.4.2.jar:/Users/sandeeppal/.m2/repository/org/apache/httpcomponents/core5/httpcore5/5.3.3/httpcore5-5.3.3.jar:/Users/sandeeppal/.m2/repository/org/apache/httpcomponents/core5/httpcore5-h2/5.3.3/httpcore5-h2-5.3.3.jar:/Users/sandeeppal/.m2/repository/org/xmlunit/xmlunit-core/2.10.0/xmlunit-core-2.10.0.jar:/Users/sandeeppal/.m2/repository/org/xmlunit/xmlunit-legacy/2.10.0/xmlunit-legacy-2.10.0.jar:/Users/sandeeppal/.m2/repository/org/xmlunit/xmlunit-placeholders/2.10.0/xmlunit-placeholders-2.10.0.jar:/Users/sandeeppal/.m2/repository/net/javacrumbs/json-unit/json-unit-core/2.40.1/json-unit-core-2.40.1.jar:/Users/sandeeppal/.m2/repository/org/hamcrest/hamcrest-core/2.2/hamcrest-core-2.2.jar:/Users/sandeeppal/.m2/repository/org/hamcrest/hamcrest/2.2/hamcrest-2.2.jar:/Users/sandeeppal/.m2/repository/com/jayway/jsonpath/json-path/2.9.0/json-path-2.9.0.jar:/Users/sandeeppal/.m2/repository/net/minidev/json-smart/2.5.0/json-smart-2.5.0.jar:/Users/sandeeppal/.m2/repository/net/minidev/accessors-smart/2.5.0/accessors-smart-2.5.0.jar:/Users/sandeeppal/.m2/repository/net/sf/jopt-simple/jopt-simple/5.0.4/jopt-simple-5.0.4.jar:/Users/sandeeppal/.m2/repository/com/github/jknack/handlebars/4.3.1/handlebars-4.3.1.jar:/Users/sandeeppal/.m2/repository/com/github/jknack/handlebars-helpers/4.3.1/handlebars-helpers-4.3.1.jar:/Users/sandeeppal/.m2/repository/commons-fileupload/commons-fileupload/1.5/commons-fileupload-1.5.jar:/Users/sandeeppal/.m2/repository/commons-io/commons-io/2.11.0/commons-io-2.11.0.jar:/Users/sandeeppal/.m2/repository/com/networknt/json-schema-validator/1.5.6/json-schema-validator-1.5.6.jar:/Users/sandeeppal/.m2/repository/com/ethlo/time/itu/1.10.3/itu-1.10.3.jar:/Users/sandeeppal/.m2/repository/org/slf4j/slf4j-api/1.7.2/slf4j-api-1.7.2.jar:/Users/sandeeppal/.m2/repository/org/mockito/mockito-core/5.16.1/mockito-core-5.16.1.jar:/Users/sandeeppal/.m2/repository/net/bytebuddy/byte-buddy/1.15.11/byte-buddy-1.15.11.jar:/Users/sandeeppal/.m2/repository/net/bytebuddy/byte-buddy-agent/1.15.11/byte-buddy-agent-1.15.11.jar:/Users/sandeeppal/.m2/repository/org/objenesis/objenesis/3.3/objenesis-3.3.jar:/Users/sandeeppal/.m2/repository/org/junit/jupiter/junit-jupiter-api/5.12.1/junit-jupiter-api-5.12.1.jar:/Users/sandeeppal/.m2/repository/org/opentest4j/opentest4j/1.3.0/opentest4j-1.3.0.jar:/Users/sandeeppal/.m2/repository/org/junit/platform/junit-platform-commons/1.12.1/junit-platform-commons-1.12.1.jar:/Users/sandeeppal/.m2/repository/org/apiguardian/apiguardian-api/1.1.2/apiguardian-api-1.1.2.jar:/Users/sandeeppal/.m2/repository/org/mockito/mockito-junit-jupiter/5.16.1/mockito-junit-jupiter-5.16.1.jar:/Users/sandeeppal/src/chameleon/multicloudj/multicloudj-common/target/multicloudj-common-0.1.0-SNAPSHOT.jar:/Users/sandeeppal/.m2/repository/commons-logging/commons-logging/1.3.4/commons-logging-1.3.4.jar:/Users/sandeeppal/.m2/repository/commons-codec/commons-codec/1.16.0/commons-codec-1.16.0.jar:/Users/sandeeppal/.m2/repository/io/netty/netty-buffer/4.1.108.Final/netty-buffer-4.1.108.Final.jar:/Users/sandeeppal/.m2/repository/io/netty/netty-codec/4.1.108.Final/netty-codec-4.1.108.Final.jar:/Users/sandeeppal/.m2/repository/io/netty/netty-codec-http/4.1.108.Final/netty-codec-http-4.1.108.Final.jar:/Users/sandeeppal/.m2/repository/io/netty/netty-codec-http2/4.1.108.Final/netty-codec-http2-4.1.108.Final.jar:/Users/sandeeppal/.m2/repository/io/netty/netty-common/4.1.108.Final/netty-common-4.1.108.Final.jar:/Users/sandeeppal/.m2/repository/io/netty/netty-handler/4.1.108.Final/netty-handler-4.1.108.Final.jar:/Users/sandeeppal/.m2/repository/io/netty/netty-resolver/4.1.108.Final/netty-resolver-4.1.108.Final.jar:/Users/sandeeppal/.m2/repository/io/netty/netty-transport/4.1.108.Final/netty-transport-4.1.108.Final.jar:/Users/sandeeppal/.m2/repository/io/netty/netty-transport-classes-epoll/4.1.108.Final/netty-transport-classes-epoll-4.1.108.Final.jar:/Users/sandeeppal/.m2/repository/io/netty/netty-transport-native-unix-common/4.1.108.Final/netty-transport-native-unix-common-4.1.108.Final.jar:/Users/sandeeppal/.m2/repository/org/apache/httpcomponents/httpclient/4.5.14/httpclient-4.5.14.jar:/Users/sandeeppal/.m2/repository/org/apache/httpcomponents/httpcore/4.4.16/httpcore-4.4.16.jar:/Users/sandeeppal/.m2/repository/org/reactivestreams/reactive-streams/1.0.4/reactive-streams-1.0.4.jar:/Users/sandeeppal/.m2/repository/software/amazon/awssdk/annotations/2.29.47/annotations-2.29.47.jar:/Users/sandeeppal/.m2/repository/software/amazon/awssdk/apache-client/2.29.47/apache-client-2.29.47.jar:/Users/sandeeppal/.m2/repository/software/amazon/awssdk/arns/2.29.47/arns-2.29.47.jar:/Users/sandeeppal/.m2/repository/software/amazon/awssdk/aws-query-protocol/2.29.47/aws-query-protocol-2.29.47.jar:/Users/sandeeppal/.m2/repository/software/amazon/awssdk/aws-xml-protocol/2.29.47/aws-xml-protocol-2.29.47.jar:/Users/sandeeppal/.m2/repository/software/amazon/awssdk/checksums/2.29.47/checksums-2.29.47.jar:/Users/sandeeppal/.m2/repository/software/amazon/awssdk/checksums-spi/2.29.47/checksums-spi-2.29.47.jar:/Users/sandeeppal/.m2/repository/software/amazon/awssdk/crt-core/2.29.47/crt-core-2.29.47.jar:/Users/sandeeppal/.m2/repository/software/amazon/awssdk/endpoints-spi/2.29.47/endpoints-spi-2.29.47.jar:/Users/sandeeppal/.m2/repository/software/amazon/awssdk/http-auth/2.29.47/http-auth-2.29.47.jar:/Users/sandeeppal/.m2/repository/software/amazon/awssdk/http-auth-aws/2.29.47/http-auth-aws-2.29.47.jar:/Users/sandeeppal/.m2/repository/software/amazon/awssdk/http-auth-spi/2.29.47/http-auth-spi-2.29.47.jar:/Users/sandeeppal/.m2/repository/software/amazon/awssdk/http-client-spi/2.29.47/http-client-spi-2.29.47.jar:/Users/sandeeppal/.m2/repository/software/amazon/awssdk/identity-spi/2.29.47/identity-spi-2.29.47.jar:/Users/sandeeppal/.m2/repository/software/amazon/awssdk/json-utils/2.29.47/json-utils-2.29.47.jar:/Users/sandeeppal/.m2/repository/software/amazon/awssdk/metrics-spi/2.29.47/metrics-spi-2.29.47.jar:/Users/sandeeppal/.m2/repository/software/amazon/awssdk/netty-nio-client/2.29.47/netty-nio-client-2.29.47.jar:/Users/sandeeppal/.m2/repository/software/amazon/awssdk/profiles/2.29.47/profiles-2.29.47.jar:/Users/sandeeppal/.m2/repository/software/amazon/awssdk/protocol-core/2.29.47/protocol-core-2.29.47.jar:/Users/sandeeppal/.m2/repository/software/amazon/awssdk/retries/2.29.47/retries-2.29.47.jar:/Users/sandeeppal/.m2/repository/software/amazon/awssdk/retries-spi/2.29.47/retries-spi-2.29.47.jar:/Users/sandeeppal/.m2/repository/software/amazon/awssdk/third-party-jackson-core/2.29.47/third-party-jackson-core-2.29.47.jar:/Users/sandeeppal/.m2/repository/software/amazon/awssdk/utils/2.29.47/utils-2.29.47.jar:/Users/sandeeppal/.m2/repository/software/amazon/eventstream/eventstream/1.0.1/eventstream-1.0.1.jar:/Users/sandeeppal/src/chameleon/multicloudj/multicloudj-common/target/multicloudj-common-0.1.0-SNAPSHOT-tests.jar:/Users/sandeeppal/src/chameleon/multicloudj/sts/sts-client/target/sts-client-0.1.0-SNAPSHOT.jar:/Users/sandeeppal/.m2/repository/com/fasterxml/classmate/1.7.0/classmate-1.7.0.jar:/Users/sandeeppal/.m2/repository/com/fasterxml/jackson/core/jackson-annotations/2.17.2/jackson-annotations-2.17.2.jar:/Users/sandeeppal/.m2/repository/com/fasterxml/jackson/core/jackson-core/2.17.2/jackson-core-2.17.2.jar:/Users/sandeeppal/.m2/repository/com/fasterxml/jackson/core/jackson-databind/2.17.2/jackson-databind-2.17.2.jar:/Users/sandeeppal/.m2/repository/com/fasterxml/jackson/dataformat/jackson-dataformat-cbor/2.17.2/jackson-dataformat-cbor-2.17.2.jar:/Users/sandeeppal/.m2/repository/com/fasterxml/jackson/dataformat/jackson-dataformat-xml/2.17.2/jackson-dataformat-xml-2.17.2.jar:/Users/sandeeppal/.m2/repository/com/fasterxml/jackson/dataformat/jackson-dataformat-yaml/2.17.2/jackson-dataformat-yaml-2.17.2.jar:/Users/sandeeppal/.m2/repository/com/fasterxml/jackson/datatype/jackson-datatype-jdk8/2.17.2/jackson-datatype-jdk8-2.17.2.jar:/Users/sandeeppal/.m2/repository/com/fasterxml/jackson/datatype/jackson-datatype-jsr310/2.17.2/jackson-datatype-jsr310-2.17.2.jar:/Users/sandeeppal/.m2/repository/com/fasterxml/jackson/module/jackson-module-jakarta-xmlbind-annotations/2.13.5/jackson-module-jakarta-xmlbind-annotations-2.13.5.jar:/Users/sandeeppal/.m2/repository/com/fasterxml/jackson/module/jackson-module-parameter-names/2.17.2/jackson-module-parameter-names-2.17.2.jar:/Users/sandeeppal/.m2/repository/com/fasterxml/woodstox/woodstox-core/6.6.2/woodstox-core-6.6.2.jar:/Users/sandeeppal/.m2/repository/com/google/guava/guava/32.0.1-jre/guava-32.0.1-jre.jar:/Users/sandeeppal/.m2/repository/com/google/protobuf/protobuf-java/3.25.5/protobuf-java-3.25.5.jar:/Users/sandeeppal/.m2/repository/com/google/protobuf/protobuf-java-util/3.25.5/protobuf-java-util-3.25.5.jar:/Users/sandeeppal/.m2/repository/org/apache/commons/commons-lang3/3.17.0/commons-lang3-3.17.0.jar:/Users/sandeeppal/.m2/repository/org/projectlombok/lombok/1.18.34/lombok-1.18.34.jar:/Users/sandeeppal/.m2/repository/com/google/code/findbugs/jsr305/3.0.2/jsr305-3.0.2.jar:/Users/sandeeppal/.m2/repository/com/google/code/gson/gson/2.12.0/gson-2.12.0.jar:/Users/sandeeppal/.m2/repository/com/google/errorprone/error_prone_annotations/2.31.0/error_prone_annotations-2.31.0.jar:/Users/sandeeppal/.m2/repository/com/google/guava/failureaccess/1.0.1/failureaccess-1.0.1.jar:/Users/sandeeppal/.m2/repository/com/google/j2objc/j2objc-annotations/2.8/j2objc-annotations-2.8.jar:/Users/sandeeppal/.m2/repository/jakarta/activation/jakarta.activation-api/2.1.3/jakarta.activation-api-2.1.3.jar:/Users/sandeeppal/.m2/repository/jakarta/xml/bind/jakarta.xml.bind-api/4.0.2/jakarta.xml.bind-api-4.0.2.jar:/Users/sandeeppal/.m2/repository/org/checkerframework/checker-qual/3.39.0/checker-qual-3.39.0.jar:/Users/sandeeppal/.m2/repository/org/codehaus/woodstox/stax2-api/4.2.2/stax2-api-4.2.2.jar:/Users/sandeeppal/.m2/repository/com/google/inject/guice/4.2.3/guice-4.2.3.jar:/Users/sandeeppal/.m2/repository/javax/inject/javax.inject/1/javax.inject-1.jar:/Users/sandeeppal/.m2/repository/aopalliance/aopalliance/1.0/aopalliance-1.0.jar:/Users/sandeeppal/.m2/repository/com/google/auto/service/auto-service/1.0-rc7/auto-service-1.0-rc7.jar:/Users/sandeeppal/.m2/repository/com/google/auto/service/auto-service-annotations/1.0-rc7/auto-service-annotations-1.0-rc7.jar:/Users/sandeeppal/.m2/repository/com/google/auto/auto-common/0.10/auto-common-0.10.jar:"/>
    <property name="java.vm.vendor" value="Azul Systems, Inc."/>
    <property name="sun.arch.data.model" value="64"/>
    <property name="java.vendor.url" value="http://www.azul.com/"/>
    <property name="user.timezone" value="America/Los_Angeles"/>
    <property name="java.vm.specification.version" value="11"/>
    <property name="os.name" value="Mac OS X"/>
    <property name="sun.java.launcher" value="SUN_STANDARD"/>
    <property name="user.country" value="US"/>
    <property name="sun.boot.library.path" value="/Library/Java/JavaVirtualMachines/zulu-11.jdk/Contents/Home/lib"/>
    <property name="sun.java.command" value="/Users/sandeeppal/src/chameleon/multicloudj/docstore/docstore-client/target/surefire/surefirebooter-20250415104531455_16.jar /Users/sandeeppal/src/chameleon/multicloudj/docstore/docstore-client/target/surefire 2025-04-15T10-45-14_461-jvmRun1 surefire-20250415104531455_14tmp surefire_4-20250415104531455_15tmp"/>
    <property name="jdk.debug" value="release"/>
    <property name="surefire.test.class.path" value="/Users/sandeeppal/src/chameleon/multicloudj/docstore/docstore-client/target/test-classes:/Users/sandeeppal/src/chameleon/multicloudj/docstore/docstore-client/target/classes:/Users/sandeeppal/.m2/repository/org/powermock/powermock-api-mockito2/2.0.9/powermock-api-mockito2-2.0.9.jar:/Users/sandeeppal/.m2/repository/org/powermock/powermock-api-support/2.0.9/powermock-api-support-2.0.9.jar:/Users/sandeeppal/.m2/repository/org/powermock/powermock-reflect/2.0.9/powermock-reflect-2.0.9.jar:/Users/sandeeppal/.m2/repository/org/powermock/powermock-core/2.0.9/powermock-core-2.0.9.jar:/Users/sandeeppal/.m2/repository/org/javassist/javassist/3.27.0-GA/javassist-3.27.0-GA.jar:/Users/sandeeppal/.m2/repository/org/wiremock/wiremock/3.12.1/wiremock-3.12.1.jar:/Users/sandeeppal/.m2/repository/org/eclipse/jetty/jetty-server/11.0.24/jetty-server-11.0.24.jar:/Users/sandeeppal/.m2/repository/org/eclipse/jetty/jetty-http/11.0.24/jetty-http-11.0.24.jar:/Users/sandeeppal/.m2/repository/org/eclipse/jetty/jetty-io/11.0.24/jetty-io-11.0.24.jar:/Users/sandeeppal/.m2/repository/org/eclipse/jetty/toolchain/jetty-jakarta-servlet-api/5.0.2/jetty-jakarta-servlet-api-5.0.2.jar:/Users/sandeeppal/.m2/repository/org/eclipse/jetty/jetty-servlet/11.0.24/jetty-servlet-11.0.24.jar:/Users/sandeeppal/.m2/repository/org/eclipse/jetty/jetty-security/11.0.24/jetty-security-11.0.24.jar:/Users/sandeeppal/.m2/repository/org/eclipse/jetty/jetty-servlets/11.0.24/jetty-servlets-11.0.24.jar:/Users/sandeeppal/.m2/repository/org/eclipse/jetty/jetty-util/11.0.24/jetty-util-11.0.24.jar:/Users/sandeeppal/.m2/repository/org/eclipse/jetty/jetty-webapp/11.0.24/jetty-webapp-11.0.24.jar:/Users/sandeeppal/.m2/repository/org/eclipse/jetty/jetty-xml/11.0.24/jetty-xml-11.0.24.jar:/Users/sandeeppal/.m2/repository/org/eclipse/jetty/jetty-proxy/11.0.24/jetty-proxy-11.0.24.jar:/Users/sandeeppal/.m2/repository/org/eclipse/jetty/jetty-client/11.0.24/jetty-client-11.0.24.jar:/Users/sandeeppal/.m2/repository/org/eclipse/jetty/http2/http2-server/11.0.24/http2-server-11.0.24.jar:/Users/sandeeppal/.m2/repository/org/eclipse/jetty/http2/http2-common/11.0.24/http2-common-11.0.24.jar:/Users/sandeeppal/.m2/repository/org/eclipse/jetty/http2/http2-hpack/11.0.24/http2-hpack-11.0.24.jar:/Users/sandeeppal/.m2/repository/org/eclipse/jetty/jetty-alpn-server/11.0.24/jetty-alpn-server-11.0.24.jar:/Users/sandeeppal/.m2/repository/org/eclipse/jetty/jetty-alpn-java-server/11.0.24/jetty-alpn-java-server-11.0.24.jar:/Users/sandeeppal/.m2/repository/org/eclipse/jetty/jetty-alpn-java-client/11.0.24/jetty-alpn-java-client-11.0.24.jar:/Users/sandeeppal/.m2/repository/org/eclipse/jetty/jetty-alpn-client/11.0.24/jetty-alpn-client-11.0.24.jar:/Users/sandeeppal/.m2/repository/org/apache/httpcomponents/client5/httpclient5/5.4.2/httpclient5-5.4.2.jar:/Users/sandeeppal/.m2/repository/org/apache/httpcomponents/core5/httpcore5/5.3.3/httpcore5-5.3.3.jar:/Users/sandeeppal/.m2/repository/org/apache/httpcomponents/core5/httpcore5-h2/5.3.3/httpcore5-h2-5.3.3.jar:/Users/sandeeppal/.m2/repository/org/xmlunit/xmlunit-core/2.10.0/xmlunit-core-2.10.0.jar:/Users/sandeeppal/.m2/repository/org/xmlunit/xmlunit-legacy/2.10.0/xmlunit-legacy-2.10.0.jar:/Users/sandeeppal/.m2/repository/org/xmlunit/xmlunit-placeholders/2.10.0/xmlunit-placeholders-2.10.0.jar:/Users/sandeeppal/.m2/repository/net/javacrumbs/json-unit/json-unit-core/2.40.1/json-unit-core-2.40.1.jar:/Users/sandeeppal/.m2/repository/org/hamcrest/hamcrest-core/2.2/hamcrest-core-2.2.jar:/Users/sandeeppal/.m2/repository/org/hamcrest/hamcrest/2.2/hamcrest-2.2.jar:/Users/sandeeppal/.m2/repository/com/jayway/jsonpath/json-path/2.9.0/json-path-2.9.0.jar:/Users/sandeeppal/.m2/repository/net/minidev/json-smart/2.5.0/json-smart-2.5.0.jar:/Users/sandeeppal/.m2/repository/net/minidev/accessors-smart/2.5.0/accessors-smart-2.5.0.jar:/Users/sandeeppal/.m2/repository/net/sf/jopt-simple/jopt-simple/5.0.4/jopt-simple-5.0.4.jar:/Users/sandeeppal/.m2/repository/com/github/jknack/handlebars/4.3.1/handlebars-4.3.1.jar:/Users/sandeeppal/.m2/repository/com/github/jknack/handlebars-helpers/4.3.1/handlebars-helpers-4.3.1.jar:/Users/sandeeppal/.m2/repository/commons-fileupload/commons-fileupload/1.5/commons-fileupload-1.5.jar:/Users/sandeeppal/.m2/repository/commons-io/commons-io/2.11.0/commons-io-2.11.0.jar:/Users/sandeeppal/.m2/repository/com/networknt/json-schema-validator/1.5.6/json-schema-validator-1.5.6.jar:/Users/sandeeppal/.m2/repository/com/ethlo/time/itu/1.10.3/itu-1.10.3.jar:/Users/sandeeppal/.m2/repository/org/slf4j/slf4j-api/1.7.2/slf4j-api-1.7.2.jar:/Users/sandeeppal/.m2/repository/org/mockito/mockito-core/5.16.1/mockito-core-5.16.1.jar:/Users/sandeeppal/.m2/repository/net/bytebuddy/byte-buddy/1.15.11/byte-buddy-1.15.11.jar:/Users/sandeeppal/.m2/repository/net/bytebuddy/byte-buddy-agent/1.15.11/byte-buddy-agent-1.15.11.jar:/Users/sandeeppal/.m2/repository/org/objenesis/objenesis/3.3/objenesis-3.3.jar:/Users/sandeeppal/.m2/repository/org/junit/jupiter/junit-jupiter-api/5.12.1/junit-jupiter-api-5.12.1.jar:/Users/sandeeppal/.m2/repository/org/opentest4j/opentest4j/1.3.0/opentest4j-1.3.0.jar:/Users/sandeeppal/.m2/repository/org/junit/platform/junit-platform-commons/1.12.1/junit-platform-commons-1.12.1.jar:/Users/sandeeppal/.m2/repository/org/apiguardian/apiguardian-api/1.1.2/apiguardian-api-1.1.2.jar:/Users/sandeeppal/.m2/repository/org/mockito/mockito-junit-jupiter/5.16.1/mockito-junit-jupiter-5.16.1.jar:/Users/sandeeppal/src/chameleon/multicloudj/multicloudj-common/target/multicloudj-common-0.1.0-SNAPSHOT.jar:/Users/sandeeppal/.m2/repository/commons-logging/commons-logging/1.3.4/commons-logging-1.3.4.jar:/Users/sandeeppal/.m2/repository/commons-codec/commons-codec/1.16.0/commons-codec-1.16.0.jar:/Users/sandeeppal/.m2/repository/io/netty/netty-buffer/4.1.108.Final/netty-buffer-4.1.108.Final.jar:/Users/sandeeppal/.m2/repository/io/netty/netty-codec/4.1.108.Final/netty-codec-4.1.108.Final.jar:/Users/sandeeppal/.m2/repository/io/netty/netty-codec-http/4.1.108.Final/netty-codec-http-4.1.108.Final.jar:/Users/sandeeppal/.m2/repository/io/netty/netty-codec-http2/4.1.108.Final/netty-codec-http2-4.1.108.Final.jar:/Users/sandeeppal/.m2/repository/io/netty/netty-common/4.1.108.Final/netty-common-4.1.108.Final.jar:/Users/sandeeppal/.m2/repository/io/netty/netty-handler/4.1.108.Final/netty-handler-4.1.108.Final.jar:/Users/sandeeppal/.m2/repository/io/netty/netty-resolver/4.1.108.Final/netty-resolver-4.1.108.Final.jar:/Users/sandeeppal/.m2/repository/io/netty/netty-transport/4.1.108.Final/netty-transport-4.1.108.Final.jar:/Users/sandeeppal/.m2/repository/io/netty/netty-transport-classes-epoll/4.1.108.Final/netty-transport-classes-epoll-4.1.108.Final.jar:/Users/sandeeppal/.m2/repository/io/netty/netty-transport-native-unix-common/4.1.108.Final/netty-transport-native-unix-common-4.1.108.Final.jar:/Users/sandeeppal/.m2/repository/org/apache/httpcomponents/httpclient/4.5.14/httpclient-4.5.14.jar:/Users/sandeeppal/.m2/repository/org/apache/httpcomponents/httpcore/4.4.16/httpcore-4.4.16.jar:/Users/sandeeppal/.m2/repository/org/reactivestreams/reactive-streams/1.0.4/reactive-streams-1.0.4.jar:/Users/sandeeppal/.m2/repository/software/amazon/awssdk/annotations/2.29.47/annotations-2.29.47.jar:/Users/sandeeppal/.m2/repository/software/amazon/awssdk/apache-client/2.29.47/apache-client-2.29.47.jar:/Users/sandeeppal/.m2/repository/software/amazon/awssdk/arns/2.29.47/arns-2.29.47.jar:/Users/sandeeppal/.m2/repository/software/amazon/awssdk/aws-query-protocol/2.29.47/aws-query-protocol-2.29.47.jar:/Users/sandeeppal/.m2/repository/software/amazon/awssdk/aws-xml-protocol/2.29.47/aws-xml-protocol-2.29.47.jar:/Users/sandeeppal/.m2/repository/software/amazon/awssdk/checksums/2.29.47/checksums-2.29.47.jar:/Users/sandeeppal/.m2/repository/software/amazon/awssdk/checksums-spi/2.29.47/checksums-spi-2.29.47.jar:/Users/sandeeppal/.m2/repository/software/amazon/awssdk/crt-core/2.29.47/crt-core-2.29.47.jar:/Users/sandeeppal/.m2/repository/software/amazon/awssdk/endpoints-spi/2.29.47/endpoints-spi-2.29.47.jar:/Users/sandeeppal/.m2/repository/software/amazon/awssdk/http-auth/2.29.47/http-auth-2.29.47.jar:/Users/sandeeppal/.m2/repository/software/amazon/awssdk/http-auth-aws/2.29.47/http-auth-aws-2.29.47.jar:/Users/sandeeppal/.m2/repository/software/amazon/awssdk/http-auth-spi/2.29.47/http-auth-spi-2.29.47.jar:/Users/sandeeppal/.m2/repository/software/amazon/awssdk/http-client-spi/2.29.47/http-client-spi-2.29.47.jar:/Users/sandeeppal/.m2/repository/software/amazon/awssdk/identity-spi/2.29.47/identity-spi-2.29.47.jar:/Users/sandeeppal/.m2/repository/software/amazon/awssdk/json-utils/2.29.47/json-utils-2.29.47.jar:/Users/sandeeppal/.m2/repository/software/amazon/awssdk/metrics-spi/2.29.47/metrics-spi-2.29.47.jar:/Users/sandeeppal/.m2/repository/software/amazon/awssdk/netty-nio-client/2.29.47/netty-nio-client-2.29.47.jar:/Users/sandeeppal/.m2/repository/software/amazon/awssdk/profiles/2.29.47/profiles-2.29.47.jar:/Users/sandeeppal/.m2/repository/software/amazon/awssdk/protocol-core/2.29.47/protocol-core-2.29.47.jar:/Users/sandeeppal/.m2/repository/software/amazon/awssdk/retries/2.29.47/retries-2.29.47.jar:/Users/sandeeppal/.m2/repository/software/amazon/awssdk/retries-spi/2.29.47/retries-spi-2.29.47.jar:/Users/sandeeppal/.m2/repository/software/amazon/awssdk/third-party-jackson-core/2.29.47/third-party-jackson-core-2.29.47.jar:/Users/sandeeppal/.m2/repository/software/amazon/awssdk/utils/2.29.47/utils-2.29.47.jar:/Users/sandeeppal/.m2/repository/software/amazon/eventstream/eventstream/1.0.1/eventstream-1.0.1.jar:/Users/sandeeppal/src/chameleon/multicloudj/multicloudj-common/target/multicloudj-common-0.1.0-SNAPSHOT-tests.jar:/Users/sandeeppal/src/chameleon/multicloudj/sts/sts-client/target/sts-client-0.1.0-SNAPSHOT.jar:/Users/sandeeppal/.m2/repository/com/fasterxml/classmate/1.7.0/classmate-1.7.0.jar:/Users/sandeeppal/.m2/repository/com/fasterxml/jackson/core/jackson-annotations/2.17.2/jackson-annotations-2.17.2.jar:/Users/sandeeppal/.m2/repository/com/fasterxml/jackson/core/jackson-core/2.17.2/jackson-core-2.17.2.jar:/Users/sandeeppal/.m2/repository/com/fasterxml/jackson/core/jackson-databind/2.17.2/jackson-databind-2.17.2.jar:/Users/sandeeppal/.m2/repository/com/fasterxml/jackson/dataformat/jackson-dataformat-cbor/2.17.2/jackson-dataformat-cbor-2.17.2.jar:/Users/sandeeppal/.m2/repository/com/fasterxml/jackson/dataformat/jackson-dataformat-xml/2.17.2/jackson-dataformat-xml-2.17.2.jar:/Users/sandeeppal/.m2/repository/com/fasterxml/jackson/dataformat/jackson-dataformat-yaml/2.17.2/jackson-dataformat-yaml-2.17.2.jar:/Users/sandeeppal/.m2/repository/com/fasterxml/jackson/datatype/jackson-datatype-jdk8/2.17.2/jackson-datatype-jdk8-2.17.2.jar:/Users/sandeeppal/.m2/repository/com/fasterxml/jackson/datatype/jackson-datatype-jsr310/2.17.2/jackson-datatype-jsr310-2.17.2.jar:/Users/sandeeppal/.m2/repository/com/fasterxml/jackson/module/jackson-module-jakarta-xmlbind-annotations/2.13.5/jackson-module-jakarta-xmlbind-annotations-2.13.5.jar:/Users/sandeeppal/.m2/repository/com/fasterxml/jackson/module/jackson-module-parameter-names/2.17.2/jackson-module-parameter-names-2.17.2.jar:/Users/sandeeppal/.m2/repository/com/fasterxml/woodstox/woodstox-core/6.6.2/woodstox-core-6.6.2.jar:/Users/sandeeppal/.m2/repository/com/google/guava/guava/32.0.1-jre/guava-32.0.1-jre.jar:/Users/sandeeppal/.m2/repository/com/google/protobuf/protobuf-java/3.25.5/protobuf-java-3.25.5.jar:/Users/sandeeppal/.m2/repository/com/google/protobuf/protobuf-java-util/3.25.5/protobuf-java-util-3.25.5.jar:/Users/sandeeppal/.m2/repository/org/apache/commons/commons-lang3/3.17.0/commons-lang3-3.17.0.jar:/Users/sandeeppal/.m2/repository/org/projectlombok/lombok/1.18.34/lombok-1.18.34.jar:/Users/sandeeppal/.m2/repository/com/google/code/findbugs/jsr305/3.0.2/jsr305-3.0.2.jar:/Users/sandeeppal/.m2/repository/com/google/code/gson/gson/2.12.0/gson-2.12.0.jar:/Users/sandeeppal/.m2/repository/com/google/errorprone/error_prone_annotations/2.31.0/error_prone_annotations-2.31.0.jar:/Users/sandeeppal/.m2/repository/com/google/guava/failureaccess/1.0.1/failureaccess-1.0.1.jar:/Users/sandeeppal/.m2/repository/com/google/j2objc/j2objc-annotations/2.8/j2objc-annotations-2.8.jar:/Users/sandeeppal/.m2/repository/jakarta/activation/jakarta.activation-api/2.1.3/jakarta.activation-api-2.1.3.jar:/Users/sandeeppal/.m2/repository/jakarta/xml/bind/jakarta.xml.bind-api/4.0.2/jakarta.xml.bind-api-4.0.2.jar:/Users/sandeeppal/.m2/repository/org/checkerframework/checker-qual/3.39.0/checker-qual-3.39.0.jar:/Users/sandeeppal/.m2/repository/org/codehaus/woodstox/stax2-api/4.2.2/stax2-api-4.2.2.jar:/Users/sandeeppal/.m2/repository/com/google/inject/guice/4.2.3/guice-4.2.3.jar:/Users/sandeeppal/.m2/repository/javax/inject/javax.inject/1/javax.inject-1.jar:/Users/sandeeppal/.m2/repository/aopalliance/aopalliance/1.0/aopalliance-1.0.jar:/Users/sandeeppal/.m2/repository/com/google/auto/service/auto-service/1.0-rc7/auto-service-1.0-rc7.jar:/Users/sandeeppal/.m2/repository/com/google/auto/service/auto-service-annotations/1.0-rc7/auto-service-annotations-1.0-rc7.jar:/Users/sandeeppal/.m2/repository/com/google/auto/auto-common/0.10/auto-common-0.10.jar:"/>
    <property name="sun.cpu.endian" value="little"/>
    <property name="user.home" value="/Users/sandeeppal"/>
    <property name="user.language" value="en"/>
    <property name="java.specification.vendor" value="Oracle Corporation"/>
    <property name="java.version.date" value="2023-01-17"/>
    <property name="java.home" value="/Library/Java/JavaVirtualMachines/zulu-11.jdk/Contents/Home"/>
    <property name="file.separator" value="/"/>
    <property name="basedir" value="/Users/sandeeppal/src/chameleon/multicloudj/docstore/docstore-client"/>
    <property name="java.vm.compressedOopsMode" value="Zero based"/>
    <property name="line.separator" value="&#10;"/>
    <property name="java.specification.name" value="Java Platform API Specification"/>
    <property name="java.vm.specification.vendor" value="Oracle Corporation"/>
    <property name="jdk.vendor.version" value="Zulu11.62+17-CA"/>
    <property name="java.awt.graphicsenv" value="sun.awt.CGraphicsEnvironment"/>
    <property name="surefire.real.class.path" value="/Users/sandeeppal/src/chameleon/multicloudj/docstore/docstore-client/target/surefire/surefirebooter-20250415104531455_16.jar"/>
    <property name="sun.management.compiler" value="HotSpot 64-Bit Tiered Compilers"/>
    <property name="java.runtime.version" value="11.0.18+10-LTS"/>
    <property name="user.name" value="sandeeppal"/>
    <property name="path.separator" value=":"/>
    <property name="os.version" value="15.4"/>
    <property name="java.runtime.name" value="OpenJDK Runtime Environment"/>
    <property name="file.encoding" value="UTF-8"/>
    <property name="java.vm.name" value="OpenJDK 64-Bit Server VM"/>
    <property name="java.vendor.version" value="Zulu11.62+17-CA"/>
    <property name="localRepository" value="/Users/sandeeppal/.m2/repository"/>
    <property name="java.vendor.url.bug" value="http://www.azul.com/support/"/>
    <property name="java.io.tmpdir" value="/var/folders/sp/xt37xm9563v4rhnsp_mcdkmc0000gp/T/"/>
    <property name="java.version" value="11.0.18"/>
    <property name="user.dir" value="/Users/sandeeppal/src/chameleon/multicloudj/docstore/docstore-client"/>
    <property name="os.arch" value="aarch64"/>
    <property name="java.vm.specification.name" value="Java Virtual Machine Specification"/>
    <property name="java.awt.printerjob" value="sun.lwawt.macosx.CPrinterJob"/>
    <property name="sun.os.patch.level" value="unknown"/>
    <property name="java.library.path" value="/Users/sandeeppal/Library/Java/Extensions:/Library/Java/Extensions:/Network/Library/Java/Extensions:/System/Library/Java/Extensions:/usr/lib/java:."/>
    <property name="java.vm.info" value="mixed mode"/>
    <property name="java.vendor" value="Azul Systems, Inc."/>
    <property name="java.vm.version" value="11.0.18+10-LTS"/>
    <property name="sun.io.unicode.encoding" value="UnicodeBig"/>
    <property name="java.class.version" value="55.0"/>
  </properties>
  <testcase name="testCheckClosed" classname="com.salesforce.multicloudj.docstore.driver.AbstractDocStoreTest" time="0.006"/>
  <testcase name="testToDriverAction" classname="com.salesforce.multicloudj.docstore.driver.AbstractDocStoreTest" time="0.001"/>
  <testcase name="testGetRevisionField" classname="com.salesforce.multicloudj.docstore.driver.AbstractDocStoreTest" time="0.0"/>
</testsuite>